0 info it worked if it ends with ok
1 verbose cli [ '/usr/local/bin/node', '/usr/local/bin/npm', 'start' ]
2 info using npm@3.10.6
3 info using node@v6.4.0
4 verbose run-script [ 'prestart', 'start', 'poststart' ]
5 info lifecycle angular2-basic@0.0.1~prestart: angular2-basic@0.0.1
6 silly lifecycle angular2-basic@0.0.1~prestart: no script for prestart, continuing
7 info lifecycle angular2-basic@0.0.1~start: angular2-basic@0.0.1
8 verbose lifecycle angular2-basic@0.0.1~start: unsafe-perm in lifecycle true
9 verbose lifecycle angular2-basic@0.0.1~start: PATH: /usr/local/lib/node_modules/npm/bin/node-gyp-bin:/Users/mavlarn/MyDev/learn/angular2/angular2-basic-todolist/node_modules/.bin:/Library/Java/JavaVirtualMachines/jdk1.8.0_91.jdk/Contents/Home/bin:/Users/mavlarn/Downloads/db/mysql-5.6.23-osx10.9-x86_64/bin:/usr/local/bin:/usr/bin:/bin:/usr/sbin:/sbin:/usr/local/bin:/Users/mavlarn/Downloads/dev-tools/apache-maven-3.2.5/bin:/Users/mavlarn/Downloads/dev-tools/apache-ant-1.9.2/bin:/Volumes/Macintosh HD/down-hd/DevTools/android/android-sdk-macosx/tools:/Volumes/Macintosh HD/down-hd/DevTools/android/android-sdk-macosx/platform-tools:/Users/mavlarn/Downloads/dev-tools/sbt-0.13.11/bin:/Users/mavlarn/MyDev/tools/leiningen/bin
10 verbose lifecycle angular2-basic@0.0.1~start: CWD: /Users/mavlarn/MyDev/learn/angular2/angular2-basic-todolist
11 silly lifecycle angular2-basic@0.0.1~start: Args: [ '-c', 'tsc && concurrently "npm run tsc:w" "npm run lite" ' ]
12 silly lifecycle angular2-basic@0.0.1~start: Returned: code: 2  signal: null
13 info lifecycle angular2-basic@0.0.1~start: Failed to exec start script
14 verbose stack Error: angular2-basic@0.0.1 start: `tsc && concurrently "npm run tsc:w" "npm run lite" `
14 verbose stack Exit status 2
14 verbose stack     at EventEmitter.<anonymous> (/usr/local/lib/node_modules/npm/lib/utils/lifecycle.js:255:16)
14 verbose stack     at emitTwo (events.js:106:13)
14 verbose stack     at EventEmitter.emit (events.js:191:7)
14 verbose stack     at ChildProcess.<anonymous> (/usr/local/lib/node_modules/npm/lib/utils/spawn.js:40:14)
14 verbose stack     at emitTwo (events.js:106:13)
14 verbose stack     at ChildProcess.emit (events.js:191:7)
14 verbose stack     at maybeClose (internal/child_process.js:852:16)
14 verbose stack     at Process.ChildProcess._handle.onexit (internal/child_process.js:215:5)
15 verbose pkgid angular2-basic@0.0.1
16 verbose cwd /Users/mavlarn/MyDev/learn/angular2/angular2-basic-todolist
17 error Darwin 15.6.0
18 error argv "/usr/local/bin/node" "/usr/local/bin/npm" "start"
19 error node v6.4.0
20 error npm  v3.10.6
21 error code ELIFECYCLE
22 error angular2-basic@0.0.1 start: `tsc && concurrently "npm run tsc:w" "npm run lite" `
22 error Exit status 2
23 error Failed at the angular2-basic@0.0.1 start script 'tsc && concurrently "npm run tsc:w" "npm run lite" '.
23 error Make sure you have the latest version of node.js and npm installed.
23 error If you do, this is most likely a problem with the angular2-basic package,
23 error not with npm itself.
23 error Tell the author that this fails on your system:
23 error     tsc && concurrently "npm run tsc:w" "npm run lite"
23 error You can get information on how to open an issue for this project with:
23 error     npm bugs angular2-basic
23 error Or if that isn't available, you can get their info via:
23 error     npm owner ls angular2-basic
23 error There is likely additional logging output above.
24 verbose exit [ 1, true ]
